<?xml version="1.0" encoding="UTF-8"?>
<!-- Generated by org.testng.reporters.JUnitReportReporter -->
<testsuite hostname="DESKTOP-6KM9G37" failures="0" tests="1" name="pageFactory.LoginTest" time="7.043" errors="0" timestamp="2021-06-22T23:52:32 IST" skipped="0">
  <testcase classname="pageFactory.LoginTest" name="testExecute" time="7.043"/>
  <system-out/>
</testsuite> <!-- pageFactory.LoginTest -->
