<?xml version="1.0" encoding="UTF-8"?>
<!-- Generated by org.testng.reporters.JUnitReportReporter -->
<testsuite hostname="DESKTOP-6KM9G37" failures="0" tests="1" name="testCases.TestPendingLeaveRequest" time="0.053" errors="0" timestamp="2021-06-29T21:51:16 IST" skipped="0">
  <testcase classname="testCases.TestPendingLeaveRequest" name="verifyPendingRequest" time="0.053"/>
  <system-out/>
</testsuite> <!-- testCases.TestPendingLeaveRequest -->
