<?xml version="1.0" encoding="UTF-8"?>
<!-- Generated by org.testng.reporters.JUnitReportReporter -->
<testsuite hostname="DESKTOP-6KM9G37" failures="0" tests="1" name="commonFunction.commonFunctions" time="4.833" errors="0" timestamp="2021-06-29T21:44:28 IST" skipped="0">
  <testcase classname="commonFunction.commonFunctions" name="homePage" time="4.833"/>
  <system-out/>
</testsuite> <!-- commonFunction.commonFunctions -->
